/home/sahaj/SNIFF/offboard_compute/install/sniff_offboard/lib/python3.10/site-packages/sniff_offboard/__init__.py
/home/sahaj/SNIFF/offboard_compute/install/sniff_offboard/lib/python3.10/site-packages/sniff_offboard/nodes/yolo_world_node.py
/home/sahaj/SNIFF/offboard_compute/install/sniff_offboard/lib/python3.10/site-packages/sniff_offboard/nodes/constants.py
/home/sahaj/SNIFF/offboard_compute/install/sniff_offboard/lib/python3.10/site-packages/sniff_offboard/nodes/item_extractor_node.py
/home/sahaj/SNIFF/offboard_compute/install/sniff_offboard/lib/python3.10/site-packages/sniff_offboard/nodes/__init__.py
/home/sahaj/SNIFF/offboard_compute/install/sniff_offboard/lib/python3.10/site-packages/sniff_offboard/__pycache__/__init__.cpython-310.pyc
/home/sahaj/SNIFF/offboard_compute/install/sniff_offboard/lib/python3.10/site-packages/sniff_offboard/nodes/__pycache__/yolo_world_node.cpython-310.pyc
/home/sahaj/SNIFF/offboard_compute/install/sniff_offboard/lib/python3.10/site-packages/sniff_offboard/nodes/__pycache__/constants.cpython-310.pyc
/home/sahaj/SNIFF/offboard_compute/install/sniff_offboard/lib/python3.10/site-packages/sniff_offboard/nodes/__pycache__/item_extractor_node.cpython-310.pyc
/home/sahaj/SNIFF/offboard_compute/install/sniff_offboard/lib/python3.10/site-packages/sniff_offboard/nodes/__pycache__/__init__.cpython-310.pyc
/home/sahaj/SNIFF/offboard_compute/install/sniff_offboard/share/ament_index/resource_index/packages/sniff_offboard
/home/sahaj/SNIFF/offboard_compute/install/sniff_offboard/share/sniff_offboard/package.xml
/home/sahaj/SNIFF/offboard_compute/install/sniff_offboard/share/sniff_offboard/launch/sniff_offboard.launch.py
/home/sahaj/SNIFF/offboard_compute/install/sniff_offboard/share/sniff_offboard/launch/camera_receiver.py
/home/sahaj/SNIFF/offboard_compute/install/sniff_offboard/lib/python3.10/site-packages/sniff_offboard-0.0.1-py3.10.egg-info/PKG-INFO
/home/sahaj/SNIFF/offboard_compute/install/sniff_offboard/lib/python3.10/site-packages/sniff_offboard-0.0.1-py3.10.egg-info/entry_points.txt
/home/sahaj/SNIFF/offboard_compute/install/sniff_offboard/lib/python3.10/site-packages/sniff_offboard-0.0.1-py3.10.egg-info/top_level.txt
/home/sahaj/SNIFF/offboard_compute/install/sniff_offboard/lib/python3.10/site-packages/sniff_offboard-0.0.1-py3.10.egg-info/SOURCES.txt
/home/sahaj/SNIFF/offboard_compute/install/sniff_offboard/lib/python3.10/site-packages/sniff_offboard-0.0.1-py3.10.egg-info/zip-safe
/home/sahaj/SNIFF/offboard_compute/install/sniff_offboard/lib/python3.10/site-packages/sniff_offboard-0.0.1-py3.10.egg-info/dependency_links.txt
/home/sahaj/SNIFF/offboard_compute/install/sniff_offboard/lib/python3.10/site-packages/sniff_offboard-0.0.1-py3.10.egg-info/requires.txt
/home/sahaj/SNIFF/offboard_compute/install/sniff_offboard/lib/sniff_offboard/item_extractor_node
/home/sahaj/SNIFF/offboard_compute/install/sniff_offboard/lib/sniff_offboard/yolo_world_node
