running egg_info
creating ../build/sniff_offboard/sniff_offboard.egg-info
writing ../build/sniff_offboard/sniff_offboard.egg-info/PKG-INFO
writing dependency_links to ../build/sniff_offboard/sniff_offboard.egg-info/dependency_links.txt
writing entry points to ../build/sniff_offboard/sniff_offboard.egg-info/entry_points.txt
writing requirements to ../build/sniff_offboard/sniff_offboard.egg-info/requires.txt
writing top-level names to ../build/sniff_offboard/sniff_offboard.egg-info/top_level.txt
writing manifest file '../build/sniff_offboard/sniff_offboard.egg-info/SOURCES.txt'
reading manifest file '../build/sniff_offboard/sniff_offboard.egg-info/SOURCES.txt'
writing manifest file '../build/sniff_offboard/sniff_offboard.egg-info/SOURCES.txt'
running build
running build_py
creating /home/sahaj/SNIFF/offboard_compute/build/sniff_offboard/build
creating /home/sahaj/SNIFF/offboard_compute/build/sniff_offboard/build/lib
creating /home/sahaj/SNIFF/offboard_compute/build/sniff_offboard/build/lib/sniff_offboard
copying sniff_offboard/__init__.py -> /home/sahaj/SNIFF/offboard_compute/build/sniff_offboard/build/lib/sniff_offboard
creating /home/sahaj/SNIFF/offboard_compute/build/sniff_offboard/build/lib/sniff_offboard/nodes
copying sniff_offboard/nodes/yolo_world_node.py -> /home/sahaj/SNIFF/offboard_compute/build/sniff_offboard/build/lib/sniff_offboard/nodes
copying sniff_offboard/nodes/constants.py -> /home/sahaj/SNIFF/offboard_compute/build/sniff_offboard/build/lib/sniff_offboard/nodes
copying sniff_offboard/nodes/item_extractor_node.py -> /home/sahaj/SNIFF/offboard_compute/build/sniff_offboard/build/lib/sniff_offboard/nodes
copying sniff_offboard/nodes/__init__.py -> /home/sahaj/SNIFF/offboard_compute/build/sniff_offboard/build/lib/sniff_offboard/nodes
running install
running install_lib
creating /home/sahaj/SNIFF/offboard_compute/install/sniff_offboard/lib/python3.10/site-packages/sniff_offboard
creating /home/sahaj/SNIFF/offboard_compute/install/sniff_offboard/lib/python3.10/site-packages/sniff_offboard/nodes
copying /home/sahaj/SNIFF/offboard_compute/build/sniff_offboard/build/lib/sniff_offboard/nodes/yolo_world_node.py -> /home/sahaj/SNIFF/offboard_compute/install/sniff_offboard/lib/python3.10/site-packages/sniff_offboard/nodes
copying /home/sahaj/SNIFF/offboard_compute/build/sniff_offboard/build/lib/sniff_offboard/nodes/constants.py -> /home/sahaj/SNIFF/offboard_compute/install/sniff_offboard/lib/python3.10/site-packages/sniff_offboard/nodes
copying /home/sahaj/SNIFF/offboard_compute/build/sniff_offboard/build/lib/sniff_offboard/nodes/item_extractor_node.py -> /home/sahaj/SNIFF/offboard_compute/install/sniff_offboard/lib/python3.10/site-packages/sniff_offboard/nodes
copying /home/sahaj/SNIFF/offboard_compute/build/sniff_offboard/build/lib/sniff_offboard/nodes/__init__.py -> /home/sahaj/SNIFF/offboard_compute/install/sniff_offboard/lib/python3.10/site-packages/sniff_offboard/nodes
copying /home/sahaj/SNIFF/offboard_compute/build/sniff_offboard/build/lib/sniff_offboard/__init__.py -> /home/sahaj/SNIFF/offboard_compute/install/sniff_offboard/lib/python3.10/site-packages/sniff_offboard
byte-compiling /home/sahaj/SNIFF/offboard_compute/install/sniff_offboard/lib/python3.10/site-packages/sniff_offboard/nodes/yolo_world_node.py to yolo_world_node.cpython-310.pyc
byte-compiling /home/sahaj/SNIFF/offboard_compute/install/sniff_offboard/lib/python3.10/site-packages/sniff_offboard/nodes/constants.py to constants.cpython-310.pyc
byte-compiling /home/sahaj/SNIFF/offboard_compute/install/sniff_offboard/lib/python3.10/site-packages/sniff_offboard/nodes/item_extractor_node.py to item_extractor_node.cpython-310.pyc
byte-compiling /home/sahaj/SNIFF/offboard_compute/install/sniff_offboard/lib/python3.10/site-packages/sniff_offboard/nodes/__init__.py to __init__.cpython-310.pyc
byte-compiling /home/sahaj/SNIFF/offboard_compute/install/sniff_offboard/lib/python3.10/site-packages/sniff_offboard/__init__.py to __init__.cpython-310.pyc
running install_data
creating /home/sahaj/SNIFF/offboard_compute/install/sniff_offboard/share/ament_index
creating /home/sahaj/SNIFF/offboard_compute/install/sniff_offboard/share/ament_index/resource_index
creating /home/sahaj/SNIFF/offboard_compute/install/sniff_offboard/share/ament_index/resource_index/packages
copying resource/sniff_offboard -> /home/sahaj/SNIFF/offboard_compute/install/sniff_offboard/share/ament_index/resource_index/packages
copying package.xml -> /home/sahaj/SNIFF/offboard_compute/install/sniff_offboard/share/sniff_offboard
creating /home/sahaj/SNIFF/offboard_compute/install/sniff_offboard/share/sniff_offboard/launch
copying launch/sniff_offboard.launch.py -> /home/sahaj/SNIFF/offboard_compute/install/sniff_offboard/share/sniff_offboard/launch
copying launch/camera_receiver.py -> /home/sahaj/SNIFF/offboard_compute/install/sniff_offboard/share/sniff_offboard/launch
running install_egg_info
Copying ../build/sniff_offboard/sniff_offboard.egg-info to /home/sahaj/SNIFF/offboard_compute/install/sniff_offboard/lib/python3.10/site-packages/sniff_offboard-0.0.1-py3.10.egg-info
running install_scripts
Installing item_extractor_node script to /home/sahaj/SNIFF/offboard_compute/install/sniff_offboard/lib/sniff_offboard
Installing yolo_world_node script to /home/sahaj/SNIFF/offboard_compute/install/sniff_offboard/lib/sniff_offboard
writing list of installed files to '/home/sahaj/SNIFF/offboard_compute/build/sniff_offboard/install.log'
