[0.702s] Invoking command in '/home/sahaj/SNIFF/offboard_compute/sniff_offboard': PYTHONPATH=/home/sahaj/SNIFF/offboard_compute/build/sniff_offboard/prefix_override:/usr/lib/python3/dist-packages/colcon_core/task/python/colcon_distutils_commands:/home/sahaj/SNIFF/offboard_compute/install/sniff_offboard/lib/python3.10/site-packages:${PYTHONPATH} /usr/bin/python3 -W ignore:setup.py install is deprecated -W ignore:easy_install command is deprecated setup.py egg_info --egg-base ../build/sniff_offboard build --build-base /home/sahaj/SNIFF/offboard_compute/build/sniff_offboard/build install --record /home/sahaj/SNIFF/offboard_compute/build/sniff_offboard/install.log --single-version-externally-managed install_data
[0.993s] running egg_info
[0.993s] creating ../build/sniff_offboard/sniff_offboard.egg-info
[1.003s] writing ../build/sniff_offboard/sniff_offboard.egg-info/PKG-INFO
[1.003s] writing dependency_links to ../build/sniff_offboard/sniff_offboard.egg-info/dependency_links.txt
[1.004s] writing entry points to ../build/sniff_offboard/sniff_offboard.egg-info/entry_points.txt
[1.004s] writing requirements to ../build/sniff_offboard/sniff_offboard.egg-info/requires.txt
[1.004s] writing top-level names to ../build/sniff_offboard/sniff_offboard.egg-info/top_level.txt
[1.004s] writing manifest file '../build/sniff_offboard/sniff_offboard.egg-info/SOURCES.txt'
[1.026s] reading manifest file '../build/sniff_offboard/sniff_offboard.egg-info/SOURCES.txt'
[1.027s] writing manifest file '../build/sniff_offboard/sniff_offboard.egg-info/SOURCES.txt'
[1.027s] running build
[1.027s] running build_py
[1.027s] creating /home/sahaj/SNIFF/offboard_compute/build/sniff_offboard/build
[1.027s] creating /home/sahaj/SNIFF/offboard_compute/build/sniff_offboard/build/lib
[1.027s] creating /home/sahaj/SNIFF/offboard_compute/build/sniff_offboard/build/lib/sniff_offboard
[1.027s] copying sniff_offboard/__init__.py -> /home/sahaj/SNIFF/offboard_compute/build/sniff_offboard/build/lib/sniff_offboard
[1.027s] creating /home/sahaj/SNIFF/offboard_compute/build/sniff_offboard/build/lib/sniff_offboard/nodes
[1.027s] copying sniff_offboard/nodes/yolo_world_node.py -> /home/sahaj/SNIFF/offboard_compute/build/sniff_offboard/build/lib/sniff_offboard/nodes
[1.027s] copying sniff_offboard/nodes/constants.py -> /home/sahaj/SNIFF/offboard_compute/build/sniff_offboard/build/lib/sniff_offboard/nodes
[1.027s] copying sniff_offboard/nodes/item_extractor_node.py -> /home/sahaj/SNIFF/offboard_compute/build/sniff_offboard/build/lib/sniff_offboard/nodes
[1.027s] copying sniff_offboard/nodes/__init__.py -> /home/sahaj/SNIFF/offboard_compute/build/sniff_offboard/build/lib/sniff_offboard/nodes
[1.027s] running install
[1.031s] running install_lib
[1.042s] creating /home/sahaj/SNIFF/offboard_compute/install/sniff_offboard/lib/python3.10/site-packages/sniff_offboard
[1.042s] creating /home/sahaj/SNIFF/offboard_compute/install/sniff_offboard/lib/python3.10/site-packages/sniff_offboard/nodes
[1.042s] copying /home/sahaj/SNIFF/offboard_compute/build/sniff_offboard/build/lib/sniff_offboard/nodes/yolo_world_node.py -> /home/sahaj/SNIFF/offboard_compute/install/sniff_offboard/lib/python3.10/site-packages/sniff_offboard/nodes
[1.042s] copying /home/sahaj/SNIFF/offboard_compute/build/sniff_offboard/build/lib/sniff_offboard/nodes/constants.py -> /home/sahaj/SNIFF/offboard_compute/install/sniff_offboard/lib/python3.10/site-packages/sniff_offboard/nodes
[1.042s] copying /home/sahaj/SNIFF/offboard_compute/build/sniff_offboard/build/lib/sniff_offboard/nodes/item_extractor_node.py -> /home/sahaj/SNIFF/offboard_compute/install/sniff_offboard/lib/python3.10/site-packages/sniff_offboard/nodes
[1.042s] copying /home/sahaj/SNIFF/offboard_compute/build/sniff_offboard/build/lib/sniff_offboard/nodes/__init__.py -> /home/sahaj/SNIFF/offboard_compute/install/sniff_offboard/lib/python3.10/site-packages/sniff_offboard/nodes
[1.042s] copying /home/sahaj/SNIFF/offboard_compute/build/sniff_offboard/build/lib/sniff_offboard/__init__.py -> /home/sahaj/SNIFF/offboard_compute/install/sniff_offboard/lib/python3.10/site-packages/sniff_offboard
[1.042s] byte-compiling /home/sahaj/SNIFF/offboard_compute/install/sniff_offboard/lib/python3.10/site-packages/sniff_offboard/nodes/yolo_world_node.py to yolo_world_node.cpython-310.pyc
[1.043s] byte-compiling /home/sahaj/SNIFF/offboard_compute/install/sniff_offboard/lib/python3.10/site-packages/sniff_offboard/nodes/constants.py to constants.cpython-310.pyc
[1.043s] byte-compiling /home/sahaj/SNIFF/offboard_compute/install/sniff_offboard/lib/python3.10/site-packages/sniff_offboard/nodes/item_extractor_node.py to item_extractor_node.cpython-310.pyc
[1.044s] byte-compiling /home/sahaj/SNIFF/offboard_compute/install/sniff_offboard/lib/python3.10/site-packages/sniff_offboard/nodes/__init__.py to __init__.cpython-310.pyc
[1.044s] byte-compiling /home/sahaj/SNIFF/offboard_compute/install/sniff_offboard/lib/python3.10/site-packages/sniff_offboard/__init__.py to __init__.cpython-310.pyc
[1.044s] running install_data
[1.044s] creating /home/sahaj/SNIFF/offboard_compute/install/sniff_offboard/share/ament_index
[1.044s] creating /home/sahaj/SNIFF/offboard_compute/install/sniff_offboard/share/ament_index/resource_index
[1.044s] creating /home/sahaj/SNIFF/offboard_compute/install/sniff_offboard/share/ament_index/resource_index/packages
[1.044s] copying resource/sniff_offboard -> /home/sahaj/SNIFF/offboard_compute/install/sniff_offboard/share/ament_index/resource_index/packages
[1.044s] copying package.xml -> /home/sahaj/SNIFF/offboard_compute/install/sniff_offboard/share/sniff_offboard
[1.044s] creating /home/sahaj/SNIFF/offboard_compute/install/sniff_offboard/share/sniff_offboard/launch
[1.044s] copying launch/sniff_offboard.launch.py -> /home/sahaj/SNIFF/offboard_compute/install/sniff_offboard/share/sniff_offboard/launch
[1.044s] copying launch/camera_receiver.py -> /home/sahaj/SNIFF/offboard_compute/install/sniff_offboard/share/sniff_offboard/launch
[1.044s] running install_egg_info
[1.056s] Copying ../build/sniff_offboard/sniff_offboard.egg-info to /home/sahaj/SNIFF/offboard_compute/install/sniff_offboard/lib/python3.10/site-packages/sniff_offboard-0.0.1-py3.10.egg-info
[1.056s] running install_scripts
[1.099s] Installing item_extractor_node script to /home/sahaj/SNIFF/offboard_compute/install/sniff_offboard/lib/sniff_offboard
[1.099s] Installing yolo_world_node script to /home/sahaj/SNIFF/offboard_compute/install/sniff_offboard/lib/sniff_offboard
[1.099s] writing list of installed files to '/home/sahaj/SNIFF/offboard_compute/build/sniff_offboard/install.log'
[1.121s] Invoked command in '/home/sahaj/SNIFF/offboard_compute/sniff_offboard' returned '0': PYTHONPATH=/home/sahaj/SNIFF/offboard_compute/build/sniff_offboard/prefix_override:/usr/lib/python3/dist-packages/colcon_core/task/python/colcon_distutils_commands:/home/sahaj/SNIFF/offboard_compute/install/sniff_offboard/lib/python3.10/site-packages:${PYTHONPATH} /usr/bin/python3 -W ignore:setup.py install is deprecated -W ignore:easy_install command is deprecated setup.py egg_info --egg-base ../build/sniff_offboard build --build-base /home/sahaj/SNIFF/offboard_compute/build/sniff_offboard/build install --record /home/sahaj/SNIFF/offboard_compute/build/sniff_offboard/install.log --single-version-externally-managed install_data
