[0.710s] Invoking command in '/home/sahaj/SNIFF/offboard_compute/sniff_offboard': PYTHONPATH=/home/sahaj/SNIFF/offboard_compute/build/sniff_offboard/prefix_override:/usr/lib/python3/dist-packages/colcon_core/task/python/colcon_distutils_commands:/home/sahaj/SNIFF/offboard_compute/install/sniff_offboard/lib/python3.10/site-packages:${PYTHONPATH} /usr/bin/python3 -W ignore:setup.py install is deprecated -W ignore:easy_install command is deprecated setup.py egg_info --egg-base ../build/sniff_offboard build --build-base /home/sahaj/SNIFF/offboard_compute/build/sniff_offboard/build install --record /home/sahaj/SNIFF/offboard_compute/build/sniff_offboard/install.log --single-version-externally-managed install_data
[0.997s] running egg_info
[1.008s] writing ../build/sniff_offboard/sniff_offboard.egg-info/PKG-INFO
[1.008s] writing dependency_links to ../build/sniff_offboard/sniff_offboard.egg-info/dependency_links.txt
[1.008s] writing entry points to ../build/sniff_offboard/sniff_offboard.egg-info/entry_points.txt
[1.008s] writing requirements to ../build/sniff_offboard/sniff_offboard.egg-info/requires.txt
[1.008s] writing top-level names to ../build/sniff_offboard/sniff_offboard.egg-info/top_level.txt
[1.032s] reading manifest file '../build/sniff_offboard/sniff_offboard.egg-info/SOURCES.txt'
[1.032s] writing manifest file '../build/sniff_offboard/sniff_offboard.egg-info/SOURCES.txt'
[1.032s] running build
[1.033s] running build_py
[1.033s] copying sniff_offboard/nodes/yolo_world_node.py -> /home/sahaj/SNIFF/offboard_compute/build/sniff_offboard/build/lib/sniff_offboard/nodes
[1.033s] running install
[1.037s] running install_lib
[1.048s] copying /home/sahaj/SNIFF/offboard_compute/build/sniff_offboard/build/lib/sniff_offboard/nodes/yolo_world_node.py -> /home/sahaj/SNIFF/offboard_compute/install/sniff_offboard/lib/python3.10/site-packages/sniff_offboard/nodes
[1.049s] byte-compiling /home/sahaj/SNIFF/offboard_compute/install/sniff_offboard/lib/python3.10/site-packages/sniff_offboard/nodes/yolo_world_node.py to yolo_world_node.cpython-310.pyc
[1.049s] running install_data
[1.049s] running install_egg_info
[1.061s] removing '/home/sahaj/SNIFF/offboard_compute/install/sniff_offboard/lib/python3.10/site-packages/sniff_offboard-0.0.1-py3.10.egg-info' (and everything under it)
[1.061s] Copying ../build/sniff_offboard/sniff_offboard.egg-info to /home/sahaj/SNIFF/offboard_compute/install/sniff_offboard/lib/python3.10/site-packages/sniff_offboard-0.0.1-py3.10.egg-info
[1.062s] running install_scripts
[1.105s] Installing item_extractor_node script to /home/sahaj/SNIFF/offboard_compute/install/sniff_offboard/lib/sniff_offboard
[1.105s] Installing yolo_world_node script to /home/sahaj/SNIFF/offboard_compute/install/sniff_offboard/lib/sniff_offboard
[1.106s] writing list of installed files to '/home/sahaj/SNIFF/offboard_compute/build/sniff_offboard/install.log'
[1.132s] Invoked command in '/home/sahaj/SNIFF/offboard_compute/sniff_offboard' returned '0': PYTHONPATH=/home/sahaj/SNIFF/offboard_compute/build/sniff_offboard/prefix_override:/usr/lib/python3/dist-packages/colcon_core/task/python/colcon_distutils_commands:/home/sahaj/SNIFF/offboard_compute/install/sniff_offboard/lib/python3.10/site-packages:${PYTHONPATH} /usr/bin/python3 -W ignore:setup.py install is deprecated -W ignore:easy_install command is deprecated setup.py egg_info --egg-base ../build/sniff_offboard build --build-base /home/sahaj/SNIFF/offboard_compute/build/sniff_offboard/build install --record /home/sahaj/SNIFF/offboard_compute/build/sniff_offboard/install.log --single-version-externally-managed install_data
